<?xml version="1.0" encoding="UTF-8"?>
<!-- Generated by org.testng.reporters.JUnitXMLReporter -->
<testsuite ignored="0" hostname="192-168-1-109.tpgi.com.au" failures="0" tests="6" name="Default test" time="36.275" errors="0" timestamp="2020-10-04T09:57:51 AEDT">
  <testcase classname="TestCase.ShopingCartTest" name="AddItemsToCartTest" time="0.743"/>
  <testcase classname="TestCase.ShopingCartTest" name="CheckTheCart" time="0.47"/>
  <testcase classname="TestCase.ContactPageTest" name="EnterValidDataToMandatoryFields" time="31.33"/>
  <testcase classname="TestCase.ContactPageTest" name="InvalidDataToAllFields" time="1.109"/>
  <testcase classname="TestCase.ContactPageTest" name="ValidDataToMandatoryFields" time="2.024"/>
  <testcase classname="TestCase.ContactPageTest" name="ValidateMandatoryFields" time="0.345"/>
</testsuite> <!-- Default test -->
